-------------------------------------------------------------------------------
Test set: mum.swe.democrud.DemocrudApplicationTests
-------------------------------------------------------------------------------
Tests run: 1, Failures: 0, Errors: 1, Skipped: 0, Time elapsed: 0.543 s <<< FAILURE! - in mum.swe.democrud.DemocrudApplicationTests
initializationError(mum.swe.democrud.DemocrudApplicationTests)  Time elapsed: 0.011 s  <<< ERROR!
java.lang.IllegalStateException: Unable to find a @SpringBootConfiguration, you need to use @ContextConfiguration or @SpringBootTest(classes=...) with your test

